<?xml version="1.0" encoding="UTF-8"?>
<!-- Generated by org.testng.reporters.JUnitReportReporter -->
<testsuite skipped="0" hostname="mkrishnan" name="sample.test7" tests="6" failures="0" timestamp="16 May 2019 08:52:58 GMT" time="271.610" errors="0">
  <testcase name="testMethodsThree" time="80.601" classname="sample.test7"/>
  <testcase name="testMethodsOne" time="32.718" classname="sample.test7"/>
  <testcase name="testMethodsTwo" time="49.334" classname="sample.test7"/>
  <testcase name="testMethodsTwo" time="41.325" classname="sample.test7"/>
  <testcase name="testMethodsThree" time="48.452" classname="sample.test7"/>
  <testcase name="testMethodsOne" time="19.180" classname="sample.test7"/>
</testsuite> <!-- sample.test7 -->
