<?xml version="1.0" encoding="UTF-8"?>
<!-- Generated by org.testng.reporters.JUnitReportReporter -->
<testsuite skipped="0" hostname="mkrishnan" name="sample.test6" tests="6" failures="0" timestamp="16 May 2019 08:59:53 GMT" time="199.201" errors="0">
  <testcase name="testMethodsOne" time="44.470" classname="sample.test6"/>
  <testcase name="testMethodsTwo" time="33.916" classname="sample.test6"/>
  <testcase name="testMethodsTwo" time="19.279" classname="sample.test6"/>
  <testcase name="testMethodsOne" time="19.089" classname="sample.test6"/>
  <testcase name="testMethodsThree" time="36.561" classname="sample.test6"/>
  <testcase name="testMethodsThree" time="45.886" classname="sample.test6"/>
</testsuite> <!-- sample.test6 -->
