<?xml version="1.0" encoding="UTF-8"?>
<!-- Generated by org.testng.reporters.JUnitReportReporter -->
<testsuite skipped="0" hostname="mkrishnan" name="sample.test1" tests="2" failures="0" timestamp="16 May 2019 06:22:25 GMT" time="22.646" errors="0">
  <testcase name="verifyTittle" time="19.333" classname="sample.test1"/>
  <testcase name="verifyTittle" time="3.313" classname="sample.test1"/>
</testsuite> <!-- sample.test1 -->
