<?xml version="1.0" encoding="UTF-8"?>
<!-- Generated by org.testng.reporters.JUnitReportReporter -->
<testsuite skipped="0" hostname="mkrishnan" name="sample.FirstTest" tests="3" failures="0" timestamp="16 May 2019 08:24:57 GMT" time="92.800" errors="0">
  <testcase name="GOOGLE2" time="43.610" classname="sample.FirstTest"/>
  <testcase name="GOOGLE3" time="25.738" classname="sample.FirstTest"/>
  <testcase name="GOOGLE1" time="23.452" classname="sample.FirstTest"/>
</testsuite> <!-- sample.FirstTest -->
