<?xml version="1.0" encoding="UTF-8"?>
<!-- Generated by org.testng.reporters.JUnitReportReporter -->
<testsuite skipped="0" hostname="mkrishnan" name="sample.Secondtest" tests="2" failures="0" timestamp="16 May 2019 08:24:57 GMT" time="86.449" errors="0">
  <testcase name="YANDEX" time="54.403" classname="sample.Secondtest"/>
  <testcase name="GOOGLE4" time="32.046" classname="sample.Secondtest"/>
</testsuite> <!-- sample.Secondtest -->
