<?xml version="1.0" encoding="UTF-8"?>
<!-- Generated by org.testng.reporters.JUnitReportReporter -->
<testsuite skipped="0" hostname="mkrishnan" name="sample.test1" tests="2" failures="0" timestamp="10 May 2019 08:23:09 GMT" time="42.170" errors="0">
  <testcase name="verifyTittle" time="17.494" classname="sample.test1"/>
  <testcase name="verifyTittle" time="24.676" classname="sample.test1"/>
</testsuite> <!-- sample.test1 -->
