<?xml version="1.0" encoding="UTF-8"?>
<!-- Generated by org.testng.reporters.JUnitReportReporter -->
<testsuite skipped="0" hostname="mkrishnan" name="sample.headless" tests="1" failures="0" timestamp="13 May 2019 08:38:48 GMT" time="53.281" errors="0">
  <testcase name="verifyTittle" time="53.281" classname="sample.headless"/>
</testsuite> <!-- sample.headless -->
