<?xml version="1.0" encoding="UTF-8"?>
<!-- Generated by org.testng.reporters.JUnitReportReporter -->
<testsuite skipped="0" hostname="mkrishnan" name="sample.test5" tests="2" failures="0" timestamp="14 May 2019 10:41:28 GMT" time="22.821" errors="0">
  <testcase name="verifyTittle1" time="13.878" classname="sample.test5"/>
  <testcase name="verifyTittle" time="8.943" classname="sample.test5"/>
</testsuite> <!-- sample.test5 -->
