<?xml version="1.0" encoding="UTF-8"?>
<!-- Generated by org.testng.reporters.JUnitReportReporter -->
<testsuite skipped="0" hostname="mkrishnan" name="sample.test2" tests="2" failures="0" timestamp="14 May 2019 06:35:38 GMT" time="73.281" errors="0">
  <testcase name="verifylogin" time="41.171" classname="sample.test2"/>
  <testcase name="verifyTittle" time="32.110" classname="sample.test2"/>
</testsuite> <!-- sample.test2 -->
